<?xml version="1.0" encoding="UTF-8"?>
<testng-results skipped="0" failed="0" ignored="0" total="3" passed="3">
  <reporter-output>
  </reporter-output>
  <suite name="PetStoreAPISuite" duration-ms="8232" started-at="2020-05-05T09:59:25 IST" finished-at="2020-05-05T09:59:33 IST">
    <groups>
    </groups>
    <test name="PetStoreAPITest" duration-ms="8232" started-at="2020-05-05T09:59:25 IST" finished-at="2020-05-05T09:59:33 IST">
      <class name="petstoretest.PetStoreTests">
        <test-method status="PASS" signature="initTest()[pri:0, instance:petstoretest.PetStoreTests@61832929]" name="initTest" is-config="true" duration-ms="38" started-at="2020-05-05T09:59:25 IST" finished-at="2020-05-05T09:59:25 IST">
          <reporter-output>
          </reporter-output>
        </test-method> <!-- initTest -->
        <test-method status="PASS" signature="createPets()[pri:0, instance:petstoretest.PetStoreTests@61832929]" name="createPets" is-config="true" duration-ms="2744" started-at="2020-05-05T09:59:25 IST" finished-at="2020-05-05T09:59:27 IST">
          <reporter-output>
          </reporter-output>
        </test-method> <!-- createPets -->
        <test-method status="PASS" signature="verifyPetsCreated()[pri:1, instance:petstoretest.PetStoreTests@61832929]" name="verifyPetsCreated" duration-ms="3182" started-at="2020-05-05T09:59:27 IST" finished-at="2020-05-05T09:59:31 IST">
          <reporter-output>
          </reporter-output>
        </test-method> <!-- verifyPetsCreated -->
        <test-method status="PASS" signature="verifyPetsUpdated()[pri:2, instance:petstoretest.PetStoreTests@61832929]" name="verifyPetsUpdated" duration-ms="1225" started-at="2020-05-05T09:59:31 IST" finished-at="2020-05-05T09:59:32 IST">
          <reporter-output>
          </reporter-output>
        </test-method> <!-- verifyPetsUpdated -->
        <test-method status="PASS" signature="verifyPetsDeleted()[pri:3, instance:petstoretest.PetStoreTests@61832929]" name="verifyPetsDeleted" duration-ms="1022" started-at="2020-05-05T09:59:32 IST" finished-at="2020-05-05T09:59:33 IST">
          <reporter-output>
          </reporter-output>
        </test-method> <!-- verifyPetsDeleted -->
      </class> <!-- petstoretest.PetStoreTests -->
    </test> <!-- PetStoreAPITest -->
  </suite> <!-- PetStoreAPISuite -->
</testng-results>
